{"/Users/Sergei/frontend-project-lvl2/src/index.js": {"path":"/Users/Sergei/frontend-project-lvl2/src/index.js","all":false,"statementMap":{"0":{"start":{"line":1,"column":0},"end":{"line":1,"column":20}},"1":{"start":{"line":2,"column":0},"end":{"line":2,"column":24}},"2":{"start":{"line":3,"column":0},"end":{"line":3,"column":47}},"3":{"start":{"line":4,"column":0},"end":{"line":4,"column":35}},"4":{"start":{"line":5,"column":0},"end":{"line":5,"column":33}},"5":{"start":{"line":6,"column":0},"end":{"line":6,"column":0}},"6":{"start":{"line":7,"column":0},"end":{"line":7,"column":84}},"7":{"start":{"line":8,"column":0},"end":{"line":8,"column":65}},"8":{"start":{"line":9,"column":0},"end":{"line":9,"column":0}},"9":{"start":{"line":10,"column":0},"end":{"line":10,"column":67}},"10":{"start":{"line":11,"column":0},"end":{"line":11,"column":51}},"11":{"start":{"line":12,"column":0},"end":{"line":12,"column":51}},"12":{"start":{"line":13,"column":0},"end":{"line":13,"column":47}},"13":{"start":{"line":14,"column":0},"end":{"line":14,"column":47}},"14":{"start":{"line":15,"column":0},"end":{"line":15,"column":0}},"15":{"start":{"line":16,"column":0},"end":{"line":16,"column":46}},"16":{"start":{"line":17,"column":0},"end":{"line":17,"column":46}},"17":{"start":{"line":18,"column":0},"end":{"line":18,"column":0}},"18":{"start":{"line":19,"column":0},"end":{"line":19,"column":53}},"19":{"start":{"line":20,"column":0},"end":{"line":20,"column":53}},"20":{"start":{"line":21,"column":0},"end":{"line":21,"column":48}},"21":{"start":{"line":22,"column":0},"end":{"line":22,"column":53}},"22":{"start":{"line":23,"column":0},"end":{"line":23,"column":23}},"23":{"start":{"line":24,"column":0},"end":{"line":24,"column":2}},"24":{"start":{"line":25,"column":0},"end":{"line":25,"column":23}}},"s":{"0":1,"1":1,"2":1,"3":1,"4":4,"5":4,"6":1,"7":1,"8":2,"9":2,"10":2,"11":2,"12":2,"13":2,"14":2,"15":2,"16":2,"17":2,"18":2,"19":2,"20":1,"21":1,"22":1,"23":1,"24":1},"branchMap":{"0":{"type":"branch","line":1,"loc":{"start":{"line":1,"column":0},"end":{"line":22,"column":23}},"locations":[{"start":{"line":1,"column":0},"end":{"line":22,"column":23}}]},"1":{"type":"branch","line":4,"loc":{"start":{"line":4,"column":13},"end":{"line":7,"column":1}},"locations":[{"start":{"line":4,"column":13},"end":{"line":7,"column":1}}]},"2":{"type":"branch","line":7,"loc":{"start":{"line":7,"column":20},"end":{"line":7,"column":67}},"locations":[{"start":{"line":7,"column":20},"end":{"line":7,"column":67}}]},"3":{"type":"branch","line":8,"loc":{"start":{"line":8,"column":1},"end":{"line":21,"column":46}},"locations":[{"start":{"line":8,"column":1},"end":{"line":21,"column":46}}]}},"b":{"0":[1],"1":[4],"2":[4],"3":[2]},"fnMap":{"0":{"name":"getFullFilepath","decl":{"start":{"line":4,"column":13},"end":{"line":7,"column":1}},"loc":{"start":{"line":4,"column":13},"end":{"line":7,"column":1}},"line":4},"1":{"name":"readFile","decl":{"start":{"line":7,"column":20},"end":{"line":7,"column":67}},"loc":{"start":{"line":7,"column":20},"end":{"line":7,"column":67}},"line":7},"2":{"name":"genDiff","decl":{"start":{"line":8,"column":1},"end":{"line":21,"column":46}},"loc":{"start":{"line":8,"column":1},"end":{"line":21,"column":46}},"line":8}},"f":{"0":4,"1":4,"2":2}}
,"/Users/Sergei/frontend-project-lvl2/src/parsers.js": {"path":"/Users/Sergei/frontend-project-lvl2/src/parsers.js","all":false,"statementMap":{"0":{"start":{"line":1,"column":0},"end":{"line":1,"column":27}},"1":{"start":{"line":2,"column":0},"end":{"line":2,"column":0}},"2":{"start":{"line":3,"column":0},"end":{"line":3,"column":33}},"3":{"start":{"line":4,"column":0},"end":{"line":4,"column":19}},"4":{"start":{"line":5,"column":0},"end":{"line":5,"column":17}},"5":{"start":{"line":6,"column":0},"end":{"line":6,"column":30}},"6":{"start":{"line":7,"column":0},"end":{"line":7,"column":17}},"7":{"start":{"line":8,"column":0},"end":{"line":8,"column":16}},"8":{"start":{"line":9,"column":0},"end":{"line":9,"column":29}},"9":{"start":{"line":10,"column":0},"end":{"line":10,"column":12}},"10":{"start":{"line":11,"column":0},"end":{"line":11,"column":59}},"11":{"start":{"line":12,"column":0},"end":{"line":12,"column":3}},"12":{"start":{"line":13,"column":0},"end":{"line":13,"column":2}},"13":{"start":{"line":14,"column":0},"end":{"line":14,"column":21}}},"s":{"0":4,"1":2,"2":4,"3":4,"4":2,"5":4,"6":0,"7":0,"8":1,"9":1,"10":1,"11":1,"12":1,"13":1},"branchMap":{"0":{"type":"branch","line":1,"loc":{"start":{"line":1,"column":0},"end":{"line":11,"column":7}},"locations":[{"start":{"line":1,"column":0},"end":{"line":11,"column":7}}]},"1":{"type":"branch","line":1,"loc":{"start":{"line":1,"column":0},"end":{"line":9,"column":26}},"locations":[{"start":{"line":1,"column":0},"end":{"line":9,"column":26}}]},"2":{"type":"branch","line":1,"loc":{"start":{"line":1,"column":5},"end":{"line":3,"column":20}},"locations":[{"start":{"line":1,"column":5},"end":{"line":3,"column":20}}]},"3":{"type":"branch","line":3,"loc":{"start":{"line":3,"column":25},"end":{"line":4,"column":4}},"locations":[{"start":{"line":3,"column":25},"end":{"line":4,"column":4}}]},"4":{"type":"branch","line":4,"loc":{"start":{"line":4,"column":9},"end":{"line":6,"column":13}},"locations":[{"start":{"line":4,"column":9},"end":{"line":6,"column":13}}]},"5":{"type":"branch","line":6,"loc":{"start":{"line":6,"column":18},"end":{"line":9,"column":20}},"locations":[{"start":{"line":6,"column":18},"end":{"line":9,"column":20}}]}},"b":{"0":[1],"1":[4],"2":[2],"3":[0],"4":[2],"5":[0]},"fnMap":{"0":{"name":"parse","decl":{"start":{"line":1,"column":0},"end":{"line":9,"column":26}},"loc":{"start":{"line":1,"column":0},"end":{"line":9,"column":26}},"line":1}},"f":{"0":4}}
,"/Users/Sergei/frontend-project-lvl2/src/tree.js": {"path":"/Users/Sergei/frontend-project-lvl2/src/tree.js","all":false,"statementMap":{"0":{"start":{"line":1,"column":0},"end":{"line":1,"column":23}},"1":{"start":{"line":2,"column":0},"end":{"line":2,"column":0}},"2":{"start":{"line":3,"column":0},"end":{"line":3,"column":36}},"3":{"start":{"line":4,"column":0},"end":{"line":4,"column":34}},"4":{"start":{"line":5,"column":0},"end":{"line":5,"column":34}},"5":{"start":{"line":6,"column":0},"end":{"line":6,"column":40}},"6":{"start":{"line":7,"column":0},"end":{"line":7,"column":39}},"7":{"start":{"line":8,"column":0},"end":{"line":8,"column":0}},"8":{"start":{"line":9,"column":0},"end":{"line":9,"column":36}},"9":{"start":{"line":10,"column":0},"end":{"line":10,"column":31}},"10":{"start":{"line":11,"column":0},"end":{"line":11,"column":64}},"11":{"start":{"line":12,"column":0},"end":{"line":12,"column":5}},"12":{"start":{"line":13,"column":0},"end":{"line":13,"column":31}},"13":{"start":{"line":14,"column":0},"end":{"line":14,"column":62}},"14":{"start":{"line":15,"column":0},"end":{"line":15,"column":5}},"15":{"start":{"line":16,"column":0},"end":{"line":16,"column":42}},"16":{"start":{"line":17,"column":0},"end":{"line":17,"column":66}},"17":{"start":{"line":18,"column":0},"end":{"line":18,"column":5}},"18":{"start":{"line":19,"column":0},"end":{"line":19,"column":57}},"19":{"start":{"line":20,"column":0},"end":{"line":20,"column":83}},"20":{"start":{"line":21,"column":0},"end":{"line":21,"column":5}},"21":{"start":{"line":22,"column":0},"end":{"line":22,"column":0}},"22":{"start":{"line":23,"column":0},"end":{"line":23,"column":12}},"23":{"start":{"line":24,"column":0},"end":{"line":24,"column":76}},"24":{"start":{"line":25,"column":0},"end":{"line":25,"column":6}},"25":{"start":{"line":26,"column":0},"end":{"line":26,"column":4}},"26":{"start":{"line":27,"column":0},"end":{"line":27,"column":0}},"27":{"start":{"line":28,"column":0},"end":{"line":28,"column":67}},"28":{"start":{"line":29,"column":0},"end":{"line":29,"column":20}},"29":{"start":{"line":30,"column":0},"end":{"line":30,"column":2}},"30":{"start":{"line":31,"column":0},"end":{"line":31,"column":26}}},"s":{"0":2,"1":2,"2":2,"3":2,"4":2,"5":2,"6":10,"7":4,"8":4,"9":10,"10":10,"11":2,"12":10,"13":10,"14":2,"15":2,"16":10,"17":0,"18":0,"19":10,"20":2,"21":2,"22":2,"23":2,"24":2,"25":2,"26":2,"27":1,"28":1,"29":1,"30":1},"branchMap":{"0":{"type":"branch","line":1,"loc":{"start":{"line":1,"column":0},"end":{"line":28,"column":37}},"locations":[{"start":{"line":1,"column":0},"end":{"line":28,"column":37}}]},"1":{"type":"branch","line":1,"loc":{"start":{"line":1,"column":0},"end":{"line":28,"column":8}},"locations":[{"start":{"line":1,"column":0},"end":{"line":28,"column":8}}]},"2":{"type":"branch","line":6,"loc":{"start":{"line":6,"column":26},"end":{"line":24,"column":5}},"locations":[{"start":{"line":6,"column":26},"end":{"line":24,"column":5}}]},"3":{"type":"branch","line":7,"loc":{"start":{"line":7,"column":26},"end":{"line":10,"column":20}},"locations":[{"start":{"line":7,"column":26},"end":{"line":10,"column":20}}]},"4":{"type":"branch","line":10,"loc":{"start":{"line":10,"column":20},"end":{"line":11,"column":19}},"locations":[{"start":{"line":10,"column":20},"end":{"line":11,"column":19}}]},"5":{"type":"branch","line":11,"loc":{"start":{"line":11,"column":19},"end":{"line":13,"column":18}},"locations":[{"start":{"line":11,"column":19},"end":{"line":13,"column":18}}]},"6":{"type":"branch","line":13,"loc":{"start":{"line":13,"column":18},"end":{"line":14,"column":28}},"locations":[{"start":{"line":13,"column":18},"end":{"line":14,"column":28}}]},"7":{"type":"branch","line":14,"loc":{"start":{"line":14,"column":28},"end":{"line":17,"column":21}},"locations":[{"start":{"line":14,"column":28},"end":{"line":17,"column":21}}]},"8":{"type":"branch","line":17,"loc":{"start":{"line":17,"column":21},"end":{"line":17,"column":45}},"locations":[{"start":{"line":17,"column":21},"end":{"line":17,"column":45}}]},"9":{"type":"branch","line":17,"loc":{"start":{"line":17,"column":47},"end":{"line":20,"column":7}},"locations":[{"start":{"line":17,"column":47},"end":{"line":20,"column":7}}]},"10":{"type":"branch","line":20,"loc":{"start":{"line":20,"column":7},"end":{"line":24,"column":4}},"locations":[{"start":{"line":20,"column":7},"end":{"line":24,"column":4}}]},"11":{"type":"branch","line":24,"loc":{"start":{"line":24,"column":44},"end":{"line":24,"column":73}},"locations":[{"start":{"line":24,"column":44},"end":{"line":24,"column":73}}]}},"b":{"0":[1],"1":[2],"2":[10],"3":[4],"4":[6],"5":[2],"6":[4],"7":[2],"8":[0],"9":[0],"10":[2],"11":[10]},"fnMap":{"0":{"name":"createTree","decl":{"start":{"line":1,"column":0},"end":{"line":28,"column":8}},"loc":{"start":{"line":1,"column":0},"end":{"line":28,"column":8}},"line":1},"1":{"name":"compareContents","decl":{"start":{"line":6,"column":26},"end":{"line":24,"column":5}},"loc":{"start":{"line":6,"column":26},"end":{"line":24,"column":5}},"line":6}},"f":{"0":2,"1":10}}
,"/Users/Sergei/frontend-project-lvl2/src/formatters/index.js": {"path":"/Users/Sergei/frontend-project-lvl2/src/formatters/index.js","all":false,"statementMap":{"0":{"start":{"line":1,"column":0},"end":{"line":1,"column":35}},"1":{"start":{"line":2,"column":0},"end":{"line":2,"column":39}},"2":{"start":{"line":3,"column":0},"end":{"line":3,"column":0}},"3":{"start":{"line":4,"column":0},"end":{"line":4,"column":42}},"4":{"start":{"line":5,"column":0},"end":{"line":5,"column":23}},"5":{"start":{"line":6,"column":0},"end":{"line":6,"column":19}},"6":{"start":{"line":7,"column":0},"end":{"line":7,"column":31}},"7":{"start":{"line":8,"column":0},"end":{"line":8,"column":17}},"8":{"start":{"line":9,"column":0},"end":{"line":9,"column":29}},"9":{"start":{"line":10,"column":0},"end":{"line":10,"column":16}},"10":{"start":{"line":11,"column":0},"end":{"line":11,"column":34}},"11":{"start":{"line":12,"column":0},"end":{"line":12,"column":12}},"12":{"start":{"line":13,"column":0},"end":{"line":13,"column":102}},"13":{"start":{"line":14,"column":0},"end":{"line":14,"column":3}},"14":{"start":{"line":15,"column":0},"end":{"line":15,"column":2}},"15":{"start":{"line":16,"column":0},"end":{"line":16,"column":26}}},"s":{"0":1,"1":2,"2":2,"3":2,"4":0,"5":2,"6":2,"7":0,"8":2,"9":0,"10":0,"11":0,"12":1,"13":1,"14":1,"15":1},"branchMap":{"0":{"type":"branch","line":1,"loc":{"start":{"line":1,"column":0},"end":{"line":13,"column":55}},"locations":[{"start":{"line":1,"column":0},"end":{"line":13,"column":55}}]},"1":{"type":"branch","line":1,"loc":{"start":{"line":1,"column":14},"end":{"line":13,"column":26}},"locations":[{"start":{"line":1,"column":14},"end":{"line":13,"column":26}}]},"2":{"type":"branch","line":4,"loc":{"start":{"line":4,"column":41},"end":{"line":6,"column":17}},"locations":[{"start":{"line":4,"column":41},"end":{"line":6,"column":17}}]},"3":{"type":"branch","line":7,"loc":{"start":{"line":7,"column":2},"end":{"line":8,"column":17}},"locations":[{"start":{"line":7,"column":2},"end":{"line":8,"column":17}}]},"4":{"type":"branch","line":9,"loc":{"start":{"line":9,"column":4},"end":{"line":13,"column":20}},"locations":[{"start":{"line":9,"column":4},"end":{"line":13,"column":20}}]}},"b":{"0":[1],"1":[2],"2":[0],"3":[0],"4":[0]},"fnMap":{"0":{"name":"formatData","decl":{"start":{"line":1,"column":14},"end":{"line":13,"column":26}},"loc":{"start":{"line":1,"column":14},"end":{"line":13,"column":26}},"line":1}},"f":{"0":2}}
,"/Users/Sergei/frontend-project-lvl2/src/formatters/plain.js": {"path":"/Users/Sergei/frontend-project-lvl2/src/formatters/plain.js","all":false,"statementMap":{"0":{"start":{"line":1,"column":0},"end":{"line":1,"column":23}},"1":{"start":{"line":2,"column":0},"end":{"line":2,"column":0}},"2":{"start":{"line":3,"column":0},"end":{"line":3,"column":30}},"3":{"start":{"line":4,"column":0},"end":{"line":4,"column":26}},"4":{"start":{"line":5,"column":0},"end":{"line":5,"column":29}},"5":{"start":{"line":6,"column":0},"end":{"line":6,"column":3}},"6":{"start":{"line":7,"column":0},"end":{"line":7,"column":34}},"7":{"start":{"line":8,"column":0},"end":{"line":8,"column":24}},"8":{"start":{"line":9,"column":0},"end":{"line":9,"column":3}},"9":{"start":{"line":10,"column":0},"end":{"line":10,"column":15}},"10":{"start":{"line":11,"column":0},"end":{"line":11,"column":2}},"11":{"start":{"line":12,"column":0},"end":{"line":12,"column":0}},"12":{"start":{"line":13,"column":0},"end":{"line":13,"column":44}},"13":{"start":{"line":14,"column":0},"end":{"line":14,"column":30}},"14":{"start":{"line":15,"column":0},"end":{"line":15,"column":26}},"15":{"start":{"line":16,"column":0},"end":{"line":16,"column":23}},"16":{"start":{"line":17,"column":0},"end":{"line":17,"column":18}},"17":{"start":{"line":18,"column":0},"end":{"line":18,"column":20}},"18":{"start":{"line":19,"column":0},"end":{"line":19,"column":67}},"19":{"start":{"line":20,"column":0},"end":{"line":20,"column":21}},"20":{"start":{"line":21,"column":0},"end":{"line":21,"column":58}},"21":{"start":{"line":22,"column":0},"end":{"line":22,"column":21}},"22":{"start":{"line":23,"column":0},"end":{"line":23,"column":128}},"23":{"start":{"line":24,"column":0},"end":{"line":24,"column":19}},"24":{"start":{"line":25,"column":0},"end":{"line":25,"column":99}},"25":{"start":{"line":26,"column":0},"end":{"line":26,"column":14}},"26":{"start":{"line":27,"column":0},"end":{"line":27,"column":61}},"27":{"start":{"line":28,"column":0},"end":{"line":28,"column":5}},"28":{"start":{"line":29,"column":0},"end":{"line":29,"column":4}},"29":{"start":{"line":30,"column":0},"end":{"line":30,"column":58}},"30":{"start":{"line":31,"column":0},"end":{"line":31,"column":76}},"31":{"start":{"line":32,"column":0},"end":{"line":32,"column":37}},"32":{"start":{"line":33,"column":0},"end":{"line":33,"column":2}},"33":{"start":{"line":34,"column":0},"end":{"line":34,"column":0}},"34":{"start":{"line":35,"column":0},"end":{"line":35,"column":49}},"35":{"start":{"line":36,"column":0},"end":{"line":36,"column":25}}},"s":{"0":0,"1":0,"2":0,"3":0,"4":0,"5":0,"6":1,"7":0,"8":0,"9":0,"10":0,"11":0,"12":0,"13":0,"14":0,"15":0,"16":0,"17":0,"18":0,"19":0,"20":0,"21":0,"22":0,"23":0,"24":0,"25":0,"26":0,"27":0,"28":0,"29":0,"30":1,"31":1,"32":1,"33":1,"34":1,"35":1},"branchMap":{"0":{"type":"branch","line":1,"loc":{"start":{"line":1,"column":0},"end":{"line":32,"column":36}},"locations":[{"start":{"line":1,"column":0},"end":{"line":32,"column":36}}]}},"b":{"0":[1]},"fnMap":{"0":{"name":"stringify","decl":{"start":{"line":1,"column":0},"end":{"line":6,"column":3}},"loc":{"start":{"line":1,"column":0},"end":{"line":6,"column":3}},"line":1},"1":{"name":"innerMakePlain","decl":{"start":{"line":7,"column":25},"end":{"line":31,"column":34}},"loc":{"start":{"line":7,"column":25},"end":{"line":31,"column":34}},"line":7},"2":{"name":"makePlain","decl":{"start":{"line":31,"column":55},"end":{"line":32,"column":8}},"loc":{"start":{"line":31,"column":55},"end":{"line":32,"column":8}},"line":31}},"f":{"0":0,"1":0,"2":0}}
,"/Users/Sergei/frontend-project-lvl2/src/formatters/stylish.js": {"path":"/Users/Sergei/frontend-project-lvl2/src/formatters/stylish.js","all":false,"statementMap":{"0":{"start":{"line":1,"column":0},"end":{"line":1,"column":23}},"1":{"start":{"line":2,"column":0},"end":{"line":2,"column":0}},"2":{"start":{"line":3,"column":0},"end":{"line":3,"column":31}},"3":{"start":{"line":4,"column":0},"end":{"line":4,"column":19}},"4":{"start":{"line":5,"column":0},"end":{"line":5,"column":18}},"5":{"start":{"line":6,"column":0},"end":{"line":6,"column":21}},"6":{"start":{"line":7,"column":0},"end":{"line":7,"column":17}},"7":{"start":{"line":8,"column":0},"end":{"line":8,"column":17}},"8":{"start":{"line":9,"column":0},"end":{"line":9,"column":17}},"9":{"start":{"line":10,"column":0},"end":{"line":10,"column":19}},"10":{"start":{"line":11,"column":0},"end":{"line":11,"column":17}},"11":{"start":{"line":12,"column":0},"end":{"line":12,"column":12}},"12":{"start":{"line":13,"column":0},"end":{"line":13,"column":54}},"13":{"start":{"line":14,"column":0},"end":{"line":14,"column":3}},"14":{"start":{"line":15,"column":0},"end":{"line":15,"column":2}},"15":{"start":{"line":16,"column":0},"end":{"line":16,"column":0}},"16":{"start":{"line":17,"column":0},"end":{"line":17,"column":24}},"17":{"start":{"line":18,"column":0},"end":{"line":18,"column":41}},"18":{"start":{"line":19,"column":0},"end":{"line":19,"column":0}},"19":{"start":{"line":20,"column":0},"end":{"line":20,"column":43}},"20":{"start":{"line":21,"column":0},"end":{"line":21,"column":42}},"21":{"start":{"line":22,"column":0},"end":{"line":22,"column":18}},"22":{"start":{"line":23,"column":0},"end":{"line":23,"column":34}},"23":{"start":{"line":24,"column":0},"end":{"line":24,"column":40}},"24":{"start":{"line":25,"column":0},"end":{"line":25,"column":33}},"25":{"start":{"line":26,"column":0},"end":{"line":26,"column":107}},"26":{"start":{"line":27,"column":0},"end":{"line":27,"column":5}},"27":{"start":{"line":28,"column":0},"end":{"line":28,"column":53}},"28":{"start":{"line":29,"column":0},"end":{"line":29,"column":5}},"29":{"start":{"line":30,"column":0},"end":{"line":30,"column":29}},"30":{"start":{"line":31,"column":0},"end":{"line":31,"column":2}},"31":{"start":{"line":32,"column":0},"end":{"line":32,"column":0}},"32":{"start":{"line":33,"column":0},"end":{"line":33,"column":52}},"33":{"start":{"line":34,"column":0},"end":{"line":34,"column":23}},"34":{"start":{"line":35,"column":0},"end":{"line":35,"column":18}},"35":{"start":{"line":36,"column":0},"end":{"line":36,"column":55}},"36":{"start":{"line":37,"column":0},"end":{"line":37,"column":28}},"37":{"start":{"line":38,"column":0},"end":{"line":38,"column":31}},"38":{"start":{"line":39,"column":0},"end":{"line":39,"column":37}},"39":{"start":{"line":40,"column":0},"end":{"line":40,"column":5}},"40":{"start":{"line":41,"column":0},"end":{"line":41,"column":115}},"41":{"start":{"line":42,"column":0},"end":{"line":42,"column":4}},"42":{"start":{"line":43,"column":0},"end":{"line":43,"column":0}},"43":{"start":{"line":44,"column":0},"end":{"line":44,"column":30}},"44":{"start":{"line":45,"column":0},"end":{"line":45,"column":24}},"45":{"start":{"line":46,"column":0},"end":{"line":46,"column":78}},"46":{"start":{"line":47,"column":0},"end":{"line":47,"column":85}},"47":{"start":{"line":48,"column":0},"end":{"line":48,"column":5}},"48":{"start":{"line":49,"column":0},"end":{"line":49,"column":0}},"49":{"start":{"line":50,"column":0},"end":{"line":50,"column":36}},"50":{"start":{"line":51,"column":0},"end":{"line":51,"column":131}},"51":{"start":{"line":52,"column":0},"end":{"line":52,"column":5}},"52":{"start":{"line":53,"column":0},"end":{"line":53,"column":0}},"53":{"start":{"line":54,"column":0},"end":{"line":54,"column":95}},"54":{"start":{"line":55,"column":0},"end":{"line":55,"column":4}},"55":{"start":{"line":56,"column":0},"end":{"line":56,"column":0}},"56":{"start":{"line":57,"column":0},"end":{"line":57,"column":67}},"57":{"start":{"line":58,"column":0},"end":{"line":58,"column":67}},"58":{"start":{"line":59,"column":0},"end":{"line":59,"column":15}},"59":{"start":{"line":60,"column":0},"end":{"line":60,"column":2}},"60":{"start":{"line":61,"column":0},"end":{"line":61,"column":53}},"61":{"start":{"line":62,"column":0},"end":{"line":62,"column":27}}},"s":{"0":8,"1":2,"2":8,"3":8,"4":8,"5":4,"6":8,"7":0,"8":0,"9":0,"10":1,"11":1,"12":1,"13":1,"14":1,"15":1,"16":1,"17":0,"18":0,"19":0,"20":0,"21":0,"22":0,"23":0,"24":0,"25":0,"26":0,"27":1,"28":2,"29":2,"30":2,"31":2,"32":2,"33":2,"34":2,"35":12,"36":12,"37":12,"38":0,"39":0,"40":2,"41":0,"42":0,"43":0,"44":0,"45":0,"46":10,"47":2,"48":2,"49":2,"50":10,"51":8,"52":8,"53":2,"54":2,"55":2,"56":2,"57":1,"58":1,"59":1,"60":1,"61":1},"branchMap":{"0":{"type":"branch","line":1,"loc":{"start":{"line":1,"column":0},"end":{"line":61,"column":0}},"locations":[{"start":{"line":1,"column":0},"end":{"line":61,"column":0}}]},"1":{"type":"branch","line":1,"loc":{"start":{"line":1,"column":0},"end":{"line":11,"column":9}},"locations":[{"start":{"line":1,"column":0},"end":{"line":11,"column":9}}]},"2":{"type":"branch","line":1,"loc":{"start":{"line":1,"column":0},"end":{"line":1,"column":13}},"locations":[{"start":{"line":1,"column":0},"end":{"line":1,"column":13}}]},"3":{"type":"branch","line":1,"loc":{"start":{"line":1,"column":18},"end":{"line":3,"column":28}},"locations":[{"start":{"line":1,"column":18},"end":{"line":3,"column":28}}]},"4":{"type":"branch","line":4,"loc":{"start":{"line":4,"column":1},"end":{"line":5,"column":12}},"locations":[{"start":{"line":4,"column":1},"end":{"line":5,"column":12}}]},"5":{"type":"branch","line":5,"loc":{"start":{"line":5,"column":17},"end":{"line":7,"column":9}},"locations":[{"start":{"line":5,"column":17},"end":{"line":7,"column":9}}]},"6":{"type":"branch","line":7,"loc":{"start":{"line":7,"column":14},"end":{"line":11,"column":3}},"locations":[{"start":{"line":7,"column":14},"end":{"line":11,"column":3}}]},"7":{"type":"branch","line":13,"loc":{"start":{"line":13,"column":22},"end":{"line":13,"column":46}},"locations":[{"start":{"line":13,"column":22},"end":{"line":13,"column":46}}]},"8":{"type":"branch","line":28,"loc":{"start":{"line":28,"column":37},"end":{"line":58,"column":3}},"locations":[{"start":{"line":28,"column":37},"end":{"line":58,"column":3}}]},"9":{"type":"branch","line":35,"loc":{"start":{"line":35,"column":9},"end":{"line":41,"column":37}},"locations":[{"start":{"line":35,"column":9},"end":{"line":41,"column":37}}]},"10":{"type":"branch","line":36,"loc":{"start":{"line":36,"column":33},"end":{"line":37,"column":22}},"locations":[{"start":{"line":36,"column":33},"end":{"line":37,"column":22}}]},"11":{"type":"branch","line":38,"loc":{"start":{"line":38,"column":23},"end":{"line":41,"column":24}},"locations":[{"start":{"line":38,"column":23},"end":{"line":41,"column":24}}]},"12":{"type":"branch","line":41,"loc":{"start":{"line":41,"column":59},"end":{"line":54,"column":17}},"locations":[{"start":{"line":41,"column":59},"end":{"line":54,"column":17}}]},"13":{"type":"branch","line":41,"loc":{"start":{"line":41,"column":94},"end":{"line":47,"column":9}},"locations":[{"start":{"line":41,"column":94},"end":{"line":47,"column":9}}]},"14":{"type":"branch","line":47,"loc":{"start":{"line":47,"column":46},"end":{"line":51,"column":55}},"locations":[{"start":{"line":47,"column":46},"end":{"line":51,"column":55}}]},"15":{"type":"branch","line":51,"loc":{"start":{"line":51,"column":55},"end":{"line":54,"column":16}},"locations":[{"start":{"line":51,"column":55},"end":{"line":54,"column":16}}]},"16":{"type":"branch","line":54,"loc":{"start":{"line":54,"column":50},"end":{"line":54,"column":74}},"locations":[{"start":{"line":54,"column":50},"end":{"line":54,"column":74}}]},"17":{"type":"branch","line":58,"loc":{"start":{"line":58,"column":25},"end":{"line":58,"column":57}},"locations":[{"start":{"line":58,"column":25},"end":{"line":58,"column":57}}]}},"b":{"0":[1],"1":[8],"2":[0],"3":[2],"4":[2],"5":[4],"6":[0],"7":[14],"8":[2],"9":[12],"10":[0],"11":[0],"12":[10],"13":[0],"14":[2],"15":[8],"16":[10],"17":[2]},"fnMap":{"0":{"name":"getStatus","decl":{"start":{"line":1,"column":0},"end":{"line":11,"column":9}},"loc":{"start":{"line":1,"column":0},"end":{"line":11,"column":9}},"line":1},"1":{"name":"getGaps","decl":{"start":{"line":13,"column":22},"end":{"line":13,"column":46}},"loc":{"start":{"line":13,"column":22},"end":{"line":13,"column":46}},"line":13},"2":{"name":"showValues","decl":{"start":{"line":17,"column":5},"end":{"line":28,"column":9}},"loc":{"start":{"line":17,"column":5},"end":{"line":28,"column":9}},"line":17},"3":{"name":"innerMakeStylish","decl":{"start":{"line":28,"column":37},"end":{"line":58,"column":3}},"loc":{"start":{"line":28,"column":37},"end":{"line":58,"column":3}},"line":28},"4":{"name":"isObj","decl":{"start":{"line":35,"column":9},"end":{"line":41,"column":37}},"loc":{"start":{"line":35,"column":9},"end":{"line":41,"column":37}},"line":35},"5":{"name":"makeFlat","decl":{"start":{"line":41,"column":59},"end":{"line":54,"column":17}},"loc":{"start":{"line":41,"column":59},"end":{"line":54,"column":17}},"line":41},"6":{"name":"makeStylish","decl":{"start":{"line":58,"column":25},"end":{"line":58,"column":57}},"loc":{"start":{"line":58,"column":25},"end":{"line":58,"column":57}},"line":58}},"f":{"0":8,"1":14,"2":0,"3":2,"4":12,"5":10,"6":2}}
}
