TN:
SF:src/index.js
FN:4,getFullFilepath
FN:7,readFile
FN:8,genDiff
FNF:3
FNH:3
FNDA:4,getFullFilepath
FNDA:4,readFile
FNDA:2,genDiff
DA:1,1
DA:2,1
DA:3,1
DA:4,1
DA:5,4
DA:6,4
DA:7,1
DA:8,1
DA:9,2
DA:10,2
DA:11,2
DA:12,2
DA:13,2
DA:14,2
DA:15,2
DA:16,2
DA:17,2
DA:18,2
DA:19,2
DA:20,2
DA:21,1
DA:22,1
DA:23,1
DA:24,1
DA:25,1
LF:25
LH:25
BRDA:1,0,0,1
BRDA:4,1,0,4
BRDA:7,2,0,4
BRDA:8,3,0,2
BRF:4
BRH:4
end_of_record
TN:
SF:src/parsers.js
FN:1,parse
FNF:1
FNH:1
FNDA:4,parse
DA:1,4
DA:2,2
DA:3,4
DA:4,4
DA:5,2
DA:6,4
DA:7,0
DA:8,0
DA:9,1
DA:10,1
DA:11,1
DA:12,1
DA:13,1
DA:14,1
LF:14
LH:12
BRDA:1,0,0,1
BRDA:1,1,0,4
BRDA:1,2,0,2
BRDA:3,3,0,0
BRDA:4,4,0,2
BRDA:6,5,0,0
BRF:6
BRH:4
end_of_record
TN:
SF:src/tree.js
FN:1,createTree
FN:6,compareContents
FNF:2
FNH:2
FNDA:2,createTree
FNDA:10,compareContents
DA:1,2
DA:2,2
DA:3,2
DA:4,2
DA:5,2
DA:6,2
DA:7,10
DA:8,4
DA:9,4
DA:10,10
DA:11,10
DA:12,2
DA:13,10
DA:14,10
DA:15,2
DA:16,2
DA:17,10
DA:18,0
DA:19,0
DA:20,10
DA:21,2
DA:22,2
DA:23,2
DA:24,2
DA:25,2
DA:26,2
DA:27,2
DA:28,1
DA:29,1
DA:30,1
DA:31,1
LF:31
LH:29
BRDA:1,0,0,1
BRDA:1,1,0,2
BRDA:6,2,0,10
BRDA:7,3,0,4
BRDA:10,4,0,6
BRDA:11,5,0,2
BRDA:13,6,0,4
BRDA:14,7,0,2
BRDA:17,8,0,0
BRDA:17,9,0,0
BRDA:20,10,0,2
BRDA:24,11,0,10
BRF:12
BRH:10
end_of_record
TN:
SF:src/formatters/index.js
FN:1,formatData
FNF:1
FNH:1
FNDA:2,formatData
DA:1,1
DA:2,2
DA:3,2
DA:4,2
DA:5,0
DA:6,2
DA:7,2
DA:8,0
DA:9,2
DA:10,0
DA:11,0
DA:12,0
DA:13,1
DA:14,1
DA:15,1
DA:16,1
LF:16
LH:11
BRDA:1,0,0,1
BRDA:1,1,0,2
BRDA:4,2,0,0
BRDA:7,3,0,0
BRDA:9,4,0,0
BRF:5
BRH:2
end_of_record
TN:
SF:src/formatters/plain.js
FN:1,stringify
FN:7,innerMakePlain
FN:31,makePlain
FNF:3
FNH:0
FNDA:0,stringify
FNDA:0,innerMakePlain
FNDA:0,makePlain
DA:1,0
DA:2,0
DA:3,0
DA:4,0
DA:5,0
DA:6,0
DA:7,1
DA:8,0
DA:9,0
DA:10,0
DA:11,0
DA:12,0
DA:13,0
DA:14,0
DA:15,0
DA:16,0
DA:17,0
DA:18,0
DA:19,0
DA:20,0
DA:21,0
DA:22,0
DA:23,0
DA:24,0
DA:25,0
DA:26,0
DA:27,0
DA:28,0
DA:29,0
DA:30,0
DA:31,1
DA:32,1
DA:33,1
DA:34,1
DA:35,1
DA:36,1
LF:36
LH:7
BRDA:1,0,0,1
BRF:1
BRH:1
end_of_record
TN:
SF:src/formatters/stylish.js
FN:1,getStatus
FN:13,getGaps
FN:17,showValues
FN:28,innerMakeStylish
FN:35,isObj
FN:41,makeFlat
FN:58,makeStylish
FNF:7
FNH:6
FNDA:8,getStatus
FNDA:14,getGaps
FNDA:0,showValues
FNDA:2,innerMakeStylish
FNDA:12,isObj
FNDA:10,makeFlat
FNDA:2,makeStylish
DA:1,8
DA:2,2
DA:3,8
DA:4,8
DA:5,8
DA:6,4
DA:7,8
DA:8,0
DA:9,0
DA:10,0
DA:11,1
DA:12,1
DA:13,1
DA:14,1
DA:15,1
DA:16,1
DA:17,1
DA:18,0
DA:19,0
DA:20,0
DA:21,0
DA:22,0
DA:23,0
DA:24,0
DA:25,0
DA:26,0
DA:27,0
DA:28,1
DA:29,2
DA:30,2
DA:31,2
DA:32,2
DA:33,2
DA:34,2
DA:35,2
DA:36,12
DA:37,12
DA:38,12
DA:39,0
DA:40,0
DA:41,2
DA:42,0
DA:43,0
DA:44,0
DA:45,0
DA:46,0
DA:47,10
DA:48,2
DA:49,2
DA:50,2
DA:51,10
DA:52,8
DA:53,8
DA:54,2
DA:55,2
DA:56,2
DA:57,2
DA:58,1
DA:59,1
DA:60,1
DA:61,1
DA:62,1
LF:62
LH:42
BRDA:1,0,0,1
BRDA:1,1,0,8
BRDA:1,2,0,0
BRDA:1,3,0,2
BRDA:4,4,0,2
BRDA:5,5,0,4
BRDA:7,6,0,0
BRDA:13,7,0,14
BRDA:28,8,0,2
BRDA:35,9,0,12
BRDA:36,10,0,0
BRDA:38,11,0,0
BRDA:41,12,0,10
BRDA:41,13,0,0
BRDA:47,14,0,2
BRDA:51,15,0,8
BRDA:54,16,0,10
BRDA:58,17,0,2
BRF:18
BRH:13
end_of_record
